app/build/outputs/logs/manifest-merger-main-release-report.txt
-- Merging decision tree log ---
manifest
ADDED from src\main\AndroidManifest.xml:2:1-104:12
	package
		ADDED from src\main\AndroidManifest.xml:4:5-40
		INJECTED from src\main\AndroidManifest.xml
		INJECTED from src\main\AndroidManifest.xml
	android:versionName
		INJECTED from src\main\AndroidManifest.xml
		ADDED from src\main\AndroidManifest.xml:2:1-104:12
		INJECTED from src\main\AndroidManifest.xml
	xmlns:tools
		ADDED from src\main\AndroidManifest.xml:3:5-51
	xmlns:android
		ADDED from src\main\AndroidManifest.xml:2:11-69
	android:versionCode
		INJECTED from src\main\AndroidManifest.xml
		ADDED from src\main\AndroidManifest.xml:2:1-104:12
		INJECTED from src\main\AndroidManifest.xml
uses-permission#android.permission.ACCESS_NETWORK_STATE
ADDED from src\main\AndroidManifest.xml:6:5-79
MERGED from src\main\AndroidManifest.xml:6:5-79
MERGED from [com.google.android.gms:play-services-ads-lite:11.0.1] AndroidManifest.xml:20:5-78
MERGED from [com.google.firebase:firebase-analytics:11.0.1] AndroidManifest.xml:21:5-78
MERGED from [com.google.firebase:firebase-analytics-impl:11.0.1] AndroidManifest.xml:21:5-78
MERGED from [com.google.firebase:firebase-iid:11.0.1] AndroidManifest.xml:19:5-78
	android:name
		ADDED from src\main\AndroidManifest.xml:6:22-76
uses-permission#android.permission.INTERNET
ADDED from src\main\AndroidManifest.xml:7:5-67
MERGED from src\main\AndroidManifest.xml:7:5-67
MERGED from [com.firebaseui:firebase-ui-database:1.2.0] AndroidManifest.xml:11:5-67
MERGED from [com.crashlytics.sdk.android:crashlytics:2.6.8] AndroidManifest.xml:9:5-67
MERGED from [com.crashlytics.sdk.android:beta:1.2.5] AndroidManifest.xml:9:5-67
MERGED from [com.crashlytics.sdk.android:crashlytics-core:2.3.17] AndroidManifest.xml:52:5-67
MERGED from [com.crashlytics.sdk.android:answers:1.3.13] AndroidManifest.xml:9:5-67
MERGED from [io.fabric.sdk.android:fabric:1.3.17] AndroidManifest.xml:29:5-67
MERGED from [com.google.android.gms:play-services-appinvite:11.0.1] AndroidManifest.xml:18:5-66
MERGED from [com.google.android.gms:play-services-ads-lite:11.0.1] AndroidManifest.xml:19:5-66
MERGED from [com.google.firebase:firebase-analytics:11.0.1] AndroidManifest.xml:20:5-66
MERGED from [com.google.firebase:firebase-analytics-impl:11.0.1] AndroidManifest.xml:20:5-66
MERGED from [com.google.firebase:firebase-iid:11.0.1] AndroidManifest.xml:20:5-66
	android:name
		ADDED from src\main\AndroidManifest.xml:7:22-64
uses-permission#android.permission.WAKE_LOCK
ADDED from src\main\AndroidManifest.xml:9:5-68
MERGED from src\main\AndroidManifest.xml:9:5-68
MERGED from [com.google.firebase:firebase-analytics:11.0.1] AndroidManifest.xml:22:5-67
MERGED from [com.google.firebase:firebase-analytics-impl:11.0.1] AndroidManifest.xml:22:5-67
MERGED from [com.google.firebase:firebase-iid:11.0.1] AndroidManifest.xml:21:5-67
	android:name
		ADDED from src\main\AndroidManifest.xml:9:22-65
application
ADDED from src\main\AndroidManifest.xml:11:5-102:19
MERGED from src\main\AndroidManifest.xml:11:5-102:19
MERGED from [com.android.support.constraint:constraint-layout:1.0.2] AndroidManifest.xml:9:5-20
MERGED from [com.google.firebase:firebase-core:11.0.1] AndroidManifest.xml:5:5-20
MERGED from [com.google.firebase:firebase-auth:11.0.1] AndroidManifest.xml:19:5-20:19
MERGED from [com.google.android.gms:play-services-auth:11.0.1] AndroidManifest.xml:19:5-25:19
MERGED from [com.android.support:cardview-v7:25.3.1] AndroidManifest.xml:26:5-20
MERGED from [com.android.support:design:25.3.1] AndroidManifest.xml:29:5-20
MERGED from [com.android.support:transition:25.3.1] AndroidManifest.xml:26:5-20
MERGED from [com.firebaseui:firebase-ui-database:1.2.0] AndroidManifest.xml:13:5-17:19
MERGED from [com.crashlytics.sdk.android:crashlytics:2.6.8] AndroidManifest.xml:11:5-20
MERGED from [com.crashlytics.sdk.android:beta:1.2.5] AndroidManifest.xml:11:5-20
MERGED from [com.crashlytics.sdk.android:crashlytics-core:2.3.17] AndroidManifest.xml:54:5-20
MERGED from [com.crashlytics.sdk.android:answers:1.3.13] AndroidManifest.xml:11:5-20
MERGED from [io.fabric.sdk.android:fabric:1.3.17] AndroidManifest.xml:31:5-20
MERGED from [com.mikhaellopez:circularimageview:3.0.2] AndroidManifest.xml:11:5-13:38
MERGED from [com.github.mthli:Knife:v1.1] AndroidManifest.xml:24:5-28:19
MERGED from [com.github.apl-devs:appintro:v4.2.0] AndroidManifest.xml:11:5-47
MERGED from [com.android.support:appcompat-v7:25.3.1] AndroidManifest.xml:29:5-20
MERGED from [com.android.support:animated-vector-drawable:25.3.1] AndroidManifest.xml:26:5-20
MERGED from [com.android.support:support-vector-drawable:25.3.1] AndroidManifest.xml:26:5-20
MERGED from [com.google.firebase:firebase-invites:11.0.1] AndroidManifest.xml:5:5-20
MERGED from [com.google.android.gms:play-services-appinvite:11.0.1] AndroidManifest.xml:19:5-26:19
MERGED from [com.google.firebase:firebase-dynamic-links:11.0.1] AndroidManifest.xml:5:3-17
MERGED from [com.google.firebase:firebase-config:11.0.1] AndroidManifest.xml:18:5-19
MERGED from [com.github.hotchemi:android-rate:1.0.1] AndroidManifest.xml:10:5-20
MERGED from [com.google.firebase:firebase-ads:11.0.1] AndroidManifest.xml:5:5-20
MERGED from [com.google.android.gms:play-services-ads-lite:11.0.1] AndroidManifest.xml:23:5-26:19
MERGED from [com.google.android.gms:play-services-clearcut:11.0.1] AndroidManifest.xml:18:5-19
MERGED from [com.google.android.gms:play-services-gass:11.0.1] AndroidManifest.xml:4:5-19
MERGED from [com.google.android.gms:play-services-safetynet:11.0.1] AndroidManifest.xml:18:5-19
MERGED from [com.google.android.gms:play-services-base:11.0.1] AndroidManifest.xml:18:5-20:19
MERGED from [com.google.firebase:firebase-analytics:11.0.1] AndroidManifest.xml:24:5-34:19
MERGED from [com.google.firebase:firebase-analytics-impl:11.0.1] AndroidManifest.xml:24:5-28:19
MERGED from [com.google.firebase:firebase-iid:11.0.1] AndroidManifest.xml:28:5-49:19
MERGED from [com.google.firebase:firebase-common:11.0.1] AndroidManifest.xml:4:5-7:19
MERGED from [com.google.android.gms:play-services-tasks:11.0.1] AndroidManifest.xml:4:5-19
MERGED from [com.google.android.gms:play-services-basement:11.0.1] AndroidManifest.xml:19:5-21:19
MERGED from [com.android.support:support-v4:25.3.1] AndroidManifest.xml:29:5-20
MERGED from [com.android.support:support-fragment:25.3.1] AndroidManifest.xml:29:5-20
MERGED from [com.android.support:support-media-compat:25.3.1] AndroidManifest.xml:29:5-20
MERGED from [com.android.support:support-core-ui:25.3.1] AndroidManifest.xml:29:5-20
MERGED from [com.android.support:support-core-utils:25.3.1] AndroidManifest.xml:29:5-20
MERGED from [com.android.support:support-compat:25.3.1] AndroidManifest.xml:29:5-20
	android:label
		ADDED from src\main\AndroidManifest.xml:15:9-41
	android:supportsRtl
		ADDED from src\main\AndroidManifest.xml:17:9-35
	android:allowBackup
		ADDED from src\main\AndroidManifest.xml:13:9-35
	android:icon
		ADDED from src\main\AndroidManifest.xml:14:9-43
		REJECTED from src\main\AndroidManifest.xml:14:9-43
	android:largeHeap
		ADDED from src\main\AndroidManifest.xml:16:9-33
	android:theme
		ADDED from src\main\AndroidManifest.xml:18:9-40
	tools:replace
		ADDED from src\main\AndroidManifest.xml:19:9-37
	android:name
		ADDED from src\main\AndroidManifest.xml:12:9-38
activity#ram.king.com.makebharathi.activity.MainActivity
ADDED from src\main\AndroidManifest.xml:22:9-31:20
MERGED from src\main\AndroidManifest.xml:22:9-31:20
	android:label
		ADDED from src\main\AndroidManifest.xml:24:13-45
	android:theme
		ADDED from src\main\AndroidManifest.xml:25:13-44
	android:name
		ADDED from src\main\AndroidManifest.xml:23:13-50
activity#ram.king.com.makebharathi.activity.UserAllPostActivity
ADDED from src\main\AndroidManifest.xml:33:9-42:20
MERGED from src\main\AndroidManifest.xml:33:9-42:20
	android:label
		ADDED from src\main\AndroidManifest.xml:35:13-45
	android:theme
		ADDED from src\main\AndroidManifest.xml:36:13-44
	android:name
		ADDED from src\main\AndroidManifest.xml:34:13-57
activity#ram.king.com.makebharathi.activity.AppIntroActivity
ADDED from src\main\AndroidManifest.xml:45:9-46:68
MERGED from src\main\AndroidManifest.xml:45:9-46:68
	android:theme
		ADDED from src\main\AndroidManifest.xml:46:13-66
	android:name
		ADDED from src\main\AndroidManifest.xml:45:19-60
activity#ram.king.com.makebharathi.activity.NewPostActivity
ADDED from src\main\AndroidManifest.xml:47:9-55:20
MERGED from src\main\AndroidManifest.xml:47:9-55:20
	android:windowSoftInputMode
		ADDED from src\main\AndroidManifest.xml:49:13-54
	android:theme
		ADDED from src\main\AndroidManifest.xml:48:13-44
	android:name
		ADDED from src\main\AndroidManifest.xml:47:19-59
intent-filter#android.intent.action.SEND+android.intent.category.DEFAULT
ADDED from src\main\AndroidManifest.xml:50:13-54:29
action#android.intent.action.SEND
ADDED from src\main\AndroidManifest.xml:51:17-69
	android:name
		ADDED from src\main\AndroidManifest.xml:51:25-66
category#android.intent.category.DEFAULT
ADDED from src\main\AndroidManifest.xml:52:17-76
	android:name
		ADDED from src\main\AndroidManifest.xml:52:27-73
data
ADDED from src\main\AndroidManifest.xml:53:17-55
	android:mimeType
		ADDED from src\main\AndroidManifest.xml:53:23-52
intent-filter#android.intent.action.SEARCH
ADDED from src\main\AndroidManifest.xml:56:9-58:25
action#android.intent.action.SEARCH
ADDED from src\main\AndroidManifest.xml:57:13-67
	android:name
		ADDED from src\main\AndroidManifest.xml:57:21-64
meta-data#android.app.searchable
ADDED from src\main\AndroidManifest.xml:60:9-61:49
MERGED from src\main\AndroidManifest.xml:60:9-61:49
	android:resource
		ADDED from src\main\AndroidManifest.xml:61:13-47
	android:name
		ADDED from src\main\AndroidManifest.xml:60:20-57
activity#ram.king.com.makebharathi.activity.PostDetailActivity
ADDED from src\main\AndroidManifest.xml:63:9-67:20
MERGED from src\main\AndroidManifest.xml:63:9-67:20
	android:theme
		ADDED from src\main\AndroidManifest.xml:65:13-44
	android:name
		ADDED from src\main\AndroidManifest.xml:64:13-56
activity#ram.king.com.makebharathi.activity.SignInActivity
ADDED from src\main\AndroidManifest.xml:69:9-89:20
MERGED from src\main\AndroidManifest.xml:69:9-89:20
	android:label
		ADDED from src\main\AndroidManifest.xml:71:13-45
	android:theme
		ADDED from src\main\AndroidManifest.xml:72:13-69
	android:name
		ADDED from src\main\AndroidManifest.xml:70:13-52
intent-filter#android.intent.action.MAIN+android.intent.category.LAUNCHER
ADDED from src\main\AndroidManifest.xml:74:13-78:30
action#android.intent.action.MAIN
ADDED from src\main\AndroidManifest.xml:75:18-70
	android:name
		ADDED from src\main\AndroidManifest.xml:75:26-67
category#android.intent.category.LAUNCHER
ADDED from src\main\AndroidManifest.xml:77:18-78
	android:name
		ADDED from src\main\AndroidManifest.xml:77:28-75
intent-filter#android.intent.action.VIEW+android.intent.category.BROWSABLE+android.intent.category.DEFAULT
ADDED from src\main\AndroidManifest.xml:80:13-86:29
action#android.intent.action.VIEW
ADDED from src\main\AndroidManifest.xml:81:17-68
	android:name
		ADDED from src\main\AndroidManifest.xml:81:25-66
category#android.intent.category.BROWSABLE
ADDED from src\main\AndroidManifest.xml:83:17-77
	android:name
		ADDED from src\main\AndroidManifest.xml:83:27-75
activity#ram.king.com.makebharathi.activity.TextEditorActivity
ADDED from src\main\AndroidManifest.xml:91:9-95:20
MERGED from src\main\AndroidManifest.xml:91:9-95:20
	android:windowSoftInputMode
		ADDED from src\main\AndroidManifest.xml:94:13-67
	android:theme
		ADDED from src\main\AndroidManifest.xml:93:13-53
	android:name
		ADDED from src\main\AndroidManifest.xml:92:13-56
meta-data#io.fabric.ApiKey
ADDED from src\main\AndroidManifest.xml:96:9-100:15
MERGED from src\main\AndroidManifest.xml:96:9-100:15
	android:value
		ADDED from src\main\AndroidManifest.xml:98:13-69
	android:name
		ADDED from src\main\AndroidManifest.xml:97:13-44
uses-sdk
INJECTED from src\main\AndroidManifest.xml reason: use-sdk injection requested
MERGED from [com.android.support.constraint:constraint-layout:1.0.2] AndroidManifest.xml:5:5-7:41
MERGED from [com.google.firebase:firebase-core:11.0.1] AndroidManifest.xml:4:5-43
MERGED from [com.google.firebase:firebase-auth:11.0.1] AndroidManifest.xml:17:5-43
MERGED from [com.google.android.gms:play-services-auth:11.0.1] AndroidManifest.xml:17:5-43
MERGED from [com.google.android.gms:play-services-auth-base:11.0.1] AndroidManifest.xml:4:5-43
MERGED from [com.android.support:cardview-v7:25.3.1] AndroidManifest.xml:20:5-43
MERGED from [com.android.support:design:25.3.1] AndroidManifest.xml:21:5-23:62
MERGED from [com.android.support:transition:25.3.1] AndroidManifest.xml:20:5-44
MERGED from [com.firebaseui:firebase-ui-database:1.2.0] AndroidManifest.xml:7:5-9:41
MERGED from [com.android.support:recyclerview-v7:25.3.1] AndroidManifest.xml:20:5-43
MERGED from [com.google.firebase:firebase-database:11.0.1] AndroidManifest.xml:3:5-43
MERGED from [com.google.firebase:firebase-database-connection:11.0.1] AndroidManifest.xml:3:5-43
MERGED from [com.crashlytics.sdk.android:crashlytics:2.6.8] AndroidManifest.xml:7:5-43
MERGED from [com.crashlytics.sdk.android:beta:1.2.5] AndroidManifest.xml:7:5-43
MERGED from [com.crashlytics.sdk.android:crashlytics-core:2.3.17] AndroidManifest.xml:50:5-43
MERGED from [com.crashlytics.sdk.android:answers:1.3.13] AndroidManifest.xml:7:5-43
MERGED from [io.fabric.sdk.android:fabric:1.3.17] AndroidManifest.xml:27:5-43
MERGED from [com.mikhaellopez:circularimageview:3.0.2] AndroidManifest.xml:7:5-9:41
MERGED from [com.github.mthli:Knife:v1.1] AndroidManifest.xml:20:5-22:41
MERGED from [com.github.apl-devs:appintro:v4.2.0] AndroidManifest.xml:7:5-9:41
MERGED from [com.android.support:appcompat-v7:25.3.1] AndroidManifest.xml:21:5-23:78
MERGED from [com.android.support:animated-vector-drawable:25.3.1] AndroidManifest.xml:20:5-44
MERGED from [com.android.support:support-vector-drawable:25.3.1] AndroidManifest.xml:20:5-43
MERGED from [com.google.firebase:firebase-invites:11.0.1] AndroidManifest.xml:4:5-43
MERGED from [com.google.android.gms:play-services-appinvite:11.0.1] AndroidManifest.xml:17:5-43
MERGED from [com.google.firebase:firebase-dynamic-links:11.0.1] AndroidManifest.xml:3:3-41
MERGED from [com.google.firebase:firebase-config:11.0.1] AndroidManifest.xml:17:5-43
MERGED from [com.github.hotchemi:android-rate:1.0.1] AndroidManifest.xml:6:5-8:41
MERGED from [com.google.firebase:firebase-ads:11.0.1] AndroidManifest.xml:4:5-43
MERGED from [com.google.android.gms:play-services-ads:11.0.1] AndroidManifest.xml:17:5-43
MERGED from [com.google.android.gms:play-services-ads-lite:11.0.1] AndroidManifest.xml:22:5-43
MERGED from [com.google.android.gms:play-services-clearcut:11.0.1] AndroidManifest.xml:17:5-43
MERGED from [com.google.android.gms:play-services-gass:11.0.1] AndroidManifest.xml:3:5-43
MERGED from [com.google.android.gms:play-services-safetynet:11.0.1] AndroidManifest.xml:17:5-43
MERGED from [com.google.android.gms:play-services-base:11.0.1] AndroidManifest.xml:17:5-43
MERGED from [com.google.firebase:firebase-analytics:11.0.1] AndroidManifest.xml:17:5-43
MERGED from [com.google.firebase:firebase-analytics-impl:11.0.1] AndroidManifest.xml:17:5-43
MERGED from [com.google.firebase:firebase-iid:11.0.1] AndroidManifest.xml:17:5-43
MERGED from [com.google.firebase:firebase-common:11.0.1] AndroidManifest.xml:3:5-43
MERGED from [com.google.android.gms:play-services-tasks:11.0.1] AndroidManifest.xml:3:5-43
MERGED from [com.google.android.gms:play-services-basement:11.0.1] AndroidManifest.xml:17:5-43
MERGED from [com.android.databinding:adapters:1.3.1] AndroidManifest.xml:22:5-24:41
MERGED from [com.android.databinding:library:1.3.1] AndroidManifest.xml:22:5-24:41
MERGED from [com.android.support:support-v4:25.3.1] AndroidManifest.xml:21:5-23:54
MERGED from [com.android.support:support-fragment:25.3.1] AndroidManifest.xml:21:5-23:60
MERGED from [com.android.support:support-media-compat:25.3.1] AndroidManifest.xml:21:5-23:63
MERGED from [com.android.support:support-core-ui:25.3.1] AndroidManifest.xml:21:5-23:58
MERGED from [com.android.support:support-core-utils:25.3.1] AndroidManifest.xml:21:5-23:61
MERGED from [com.android.support:support-compat:25.3.1] AndroidManifest.xml:21:5-23:58
	tools:overrideLibrary
		ADDED from [com.android.support:design:25.3.1] AndroidManifest.xml:23:9-59
	android:targetSdkVersion
		INJECTED from src\main\AndroidManifest.xml
		INJECTED from src\main\AndroidManifest.xml
	android:minSdkVersion
		INJECTED from src\main\AndroidManifest.xml
		INJECTED from src\main\AndroidManifest.xml
activity#com.google.android.gms.auth.api.signin.internal.SignInHubActivity
ADDED from [com.google.android.gms:play-services-auth:11.0.1] AndroidManifest.xml:20:9-189
	android:excludeFromRecents
		ADDED from [com.google.android.gms:play-services-auth:11.0.1] AndroidManifest.xml:20:129-162
	android:exported
		ADDED from [com.google.android.gms:play-services-auth:11.0.1] AndroidManifest.xml:20:163-187
	android:theme
		ADDED from [com.google.android.gms:play-services-auth:11.0.1] AndroidManifest.xml:20:69-128
	android:name
		ADDED from [com.google.android.gms:play-services-auth:11.0.1] AndroidManifest.xml:20:19-68
service#com.google.android.gms.auth.api.signin.RevocationBoundService
ADDED from [com.google.android.gms:play-services-auth:11.0.1] AndroidManifest.xml:24:9-184
	android:exported
		ADDED from [com.google.android.gms:play-services-auth:11.0.1] AndroidManifest.xml:24:64-87
	android:permission
		ADDED from [com.google.android.gms:play-services-auth:11.0.1] AndroidManifest.xml:24:88-182
	android:name
		ADDED from [com.google.android.gms:play-services-auth:11.0.1] AndroidManifest.xml:24:18-63
meta-data#android.support.VERSION
ADDED from [com.android.support:cardview-v7:25.3.1] AndroidManifest.xml:22:5-24:34
MERGED from [com.android.support:design:25.3.1] AndroidManifest.xml:25:5-27:34
MERGED from [com.android.support:transition:25.3.1] AndroidManifest.xml:22:5-24:34
MERGED from [com.android.support:recyclerview-v7:25.3.1] AndroidManifest.xml:22:5-24:34
MERGED from [com.android.support:appcompat-v7:25.3.1] AndroidManifest.xml:25:5-27:34
MERGED from [com.android.support:animated-vector-drawable:25.3.1] AndroidManifest.xml:22:5-24:34
MERGED from [com.android.support:support-vector-drawable:25.3.1] AndroidManifest.xml:22:5-24:34
MERGED from [com.android.support:support-v4:25.3.1] AndroidManifest.xml:25:5-27:34
MERGED from [com.android.support:support-fragment:25.3.1] AndroidManifest.xml:25:5-27:34
MERGED from [com.android.support:support-media-compat:25.3.1] AndroidManifest.xml:25:5-27:34
MERGED from [com.android.support:support-core-ui:25.3.1] AndroidManifest.xml:25:5-27:34
MERGED from [com.android.support:support-core-utils:25.3.1] AndroidManifest.xml:25:5-27:34
MERGED from [com.android.support:support-compat:25.3.1] AndroidManifest.xml:25:5-27:34
	android:value
		ADDED from [com.android.support:cardview-v7:25.3.1] AndroidManifest.xml:24:9-31
	android:name
		ADDED from [com.android.support:cardview-v7:25.3.1] AndroidManifest.xml:23:9-47
meta-data#com.google.android.gms.version
ADDED from [com.firebaseui:firebase-ui-database:1.2.0] AndroidManifest.xml:14:9-16:69
MERGED from [com.google.android.gms:play-services-basement:11.0.1] AndroidManifest.xml:20:9-121
	android:value
		ADDED from [com.firebaseui:firebase-ui-database:1.2.0] AndroidManifest.xml:16:13-66
	android:name
		ADDED from [com.firebaseui:firebase-ui-database:1.2.0] AndroidManifest.xml:15:13-58
activity#com.google.android.gms.appinvite.PreviewActivity
ADDED from [com.google.android.gms:play-services-appinvite:11.0.1] AndroidManifest.xml:20:9-25:20
	android:exported
		ADDED from [com.google.android.gms:play-services-appinvite:11.0.1] AndroidManifest.xml:20:51-74
	android:theme
		ADDED from [com.google.android.gms:play-services-appinvite:11.0.1] AndroidManifest.xml:20:75-121
	android:name
		ADDED from [com.google.android.gms:play-services-appinvite:11.0.1] AndroidManifest.xml:20:19-50
intent-filter#android.intent.category.DEFAULT+com.google.android.gms.appinvite.ACTION_PREVIEW
ADDED from [com.google.android.gms:play-services-appinvite:11.0.1] AndroidManifest.xml:21:13-24:29
action#com.google.android.gms.appinvite.ACTION_PREVIEW
ADDED from [com.google.android.gms:play-services-appinvite:11.0.1] AndroidManifest.xml:22:17-89
	android:name
		ADDED from [com.google.android.gms:play-services-appinvite:11.0.1] AndroidManifest.xml:22:25-87
activity#com.google.android.gms.ads.AdActivity
ADDED from [com.google.android.gms:play-services-ads-lite:11.0.1] AndroidManifest.xml:25:9-232
	android:configChanges
		ADDED from [com.google.android.gms:play-services-ads-lite:11.0.1] AndroidManifest.xml:25:72-181
	android:theme
		ADDED from [com.google.android.gms:play-services-ads-lite:11.0.1] AndroidManifest.xml:25:182-230
	android:name
		ADDED from [com.google.android.gms:play-services-ads-lite:11.0.1] AndroidManifest.xml:25:19-71
activity#com.google.android.gms.common.api.GoogleApiActivity
ADDED from [com.google.android.gms:play-services-base:11.0.1] AndroidManifest.xml:19:9-172
	android:exported
		ADDED from [com.google.android.gms:play-services-base:11.0.1] AndroidManifest.xml:19:146-170
	android:theme
		ADDED from [com.google.android.gms:play-services-base:11.0.1] AndroidManifest.xml:19:86-145
	android:name
		ADDED from [com.google.android.gms:play-services-base:11.0.1] AndroidManifest.xml:19:19-85
receiver#com.google.android.gms.measurement.AppMeasurementReceiver
ADDED from [com.google.firebase:firebase-analytics:11.0.1] AndroidManifest.xml:25:7-26:18
MERGED from [com.google.firebase:firebase-analytics-impl:11.0.1] AndroidManifest.xml:25:7-26:18
	android:enabled
		ADDED from [com.google.firebase:firebase-analytics:11.0.1] AndroidManifest.xml:25:90-112
	android:exported
		ADDED from [com.google.firebase:firebase-analytics:11.0.1] AndroidManifest.xml:25:113-137
	android:name
		ADDED from [com.google.firebase:firebase-analytics:11.0.1] AndroidManifest.xml:25:17-89
receiver#com.google.android.gms.measurement.AppMeasurementInstallReferrerReceiver
ADDED from [com.google.firebase:firebase-analytics:11.0.1] AndroidManifest.xml:27:7-31:18
	android:enabled
		ADDED from [com.google.firebase:firebase-analytics:11.0.1] AndroidManifest.xml:27:162-184
	android:exported
		ADDED from [com.google.firebase:firebase-analytics:11.0.1] AndroidManifest.xml:27:185-208
	android:permission
		ADDED from [com.google.firebase:firebase-analytics:11.0.1] AndroidManifest.xml:27:105-161
	android:name
		ADDED from [com.google.firebase:firebase-analytics:11.0.1] AndroidManifest.xml:27:17-104
intent-filter#com.android.vending.INSTALL_REFERRER
ADDED from [com.google.firebase:firebase-analytics:11.0.1] AndroidManifest.xml:28:11-30:27
action#com.android.vending.INSTALL_REFERRER
ADDED from [com.google.firebase:firebase-analytics:11.0.1] AndroidManifest.xml:29:15-76
	android:name
		ADDED from [com.google.firebase:firebase-analytics:11.0.1] AndroidManifest.xml:29:23-74
service#com.google.android.gms.measurement.AppMeasurementService
ADDED from [com.google.firebase:firebase-analytics:11.0.1] AndroidManifest.xml:32:7-137
MERGED from [com.google.firebase:firebase-analytics-impl:11.0.1] AndroidManifest.xml:27:7-137
	android:enabled
		ADDED from [com.google.firebase:firebase-analytics:11.0.1] AndroidManifest.xml:32:88-110
	android:exported
		ADDED from [com.google.firebase:firebase-analytics:11.0.1] AndroidManifest.xml:32:111-135
	android:name
		ADDED from [com.google.firebase:firebase-analytics:11.0.1] AndroidManifest.xml:32:16-87
service#com.google.android.gms.measurement.AppMeasurementJobService
ADDED from [com.google.firebase:firebase-analytics:11.0.1] AndroidManifest.xml:33:7-197
	android:enabled
		ADDED from [com.google.firebase:firebase-analytics:11.0.1] AndroidManifest.xml:33:148-170
	android:exported
		ADDED from [com.google.firebase:firebase-analytics:11.0.1] AndroidManifest.xml:33:171-195
	android:permission
		ADDED from [com.google.firebase:firebase-analytics:11.0.1] AndroidManifest.xml:33:91-147
	android:name
		ADDED from [com.google.firebase:firebase-analytics:11.0.1] AndroidManifest.xml:33:16-90
uses-permission#com.google.android.c2dm.permission.RECEIVE
ADDED from [com.google.firebase:firebase-iid:11.0.1] AndroidManifest.xml:22:5-81
	android:name
		ADDED from [com.google.firebase:firebase-iid:11.0.1] AndroidManifest.xml:22:22-79
permission#${applicationId}.permission.C2D_MESSAGE
ADDED from [com.google.firebase:firebase-iid:11.0.1] AndroidManifest.xml:24:5-109
	android:protectionLevel
		ADDED from [com.google.firebase:firebase-iid:11.0.1] AndroidManifest.xml:24:72-107
	android:name
		ADDED from [com.google.firebase:firebase-iid:11.0.1] AndroidManifest.xml:24:17-71
uses-permission#${applicationId}.permission.C2D_MESSAGE
ADDED from [com.google.firebase:firebase-iid:11.0.1] AndroidManifest.xml:26:5-78
	android:name
		ADDED from [com.google.firebase:firebase-iid:11.0.1] AndroidManifest.xml:26:22-76
receiver#com.google.firebase.iid.FirebaseInstanceIdReceiver
ADDED from [com.google.firebase:firebase-iid:11.0.1] AndroidManifest.xml:30:9-35:20
	android:exported
		ADDED from [com.google.firebase:firebase-iid:11.0.1] AndroidManifest.xml:30:85-108
	android:permission
		ADDED from [com.google.firebase:firebase-iid:11.0.1] AndroidManifest.xml:30:109-169
	android:name
		ADDED from [com.google.firebase:firebase-iid:11.0.1] AndroidManifest.xml:30:19-84
intent-filter#${applicationId}+com.google.android.c2dm.intent.RECEIVE
ADDED from [com.google.firebase:firebase-iid:11.0.1] AndroidManifest.xml:31:13-34:29
action#com.google.android.c2dm.intent.RECEIVE
ADDED from [com.google.firebase:firebase-iid:11.0.1] AndroidManifest.xml:32:17-80
	android:name
		ADDED from [com.google.firebase:firebase-iid:11.0.1] AndroidManifest.xml:32:25-78
category#${applicationId}
ADDED from [com.google.firebase:firebase-iid:11.0.1] AndroidManifest.xml:33:17-60
	android:name
		ADDED from [com.google.firebase:firebase-iid:11.0.1] AndroidManifest.xml:33:27-58
receiver#com.google.firebase.iid.FirebaseInstanceIdInternalReceiver
ADDED from [com.google.firebase:firebase-iid:11.0.1] AndroidManifest.xml:39:9-119
	android:exported
		ADDED from [com.google.firebase:firebase-iid:11.0.1] AndroidManifest.xml:39:93-117
	android:name
		ADDED from [com.google.firebase:firebase-iid:11.0.1] AndroidManifest.xml:39:19-92
service#com.google.firebase.iid.FirebaseInstanceIdService
ADDED from [com.google.firebase:firebase-iid:11.0.1] AndroidManifest.xml:43:9-47:19
	android:exported
		ADDED from [com.google.firebase:firebase-iid:11.0.1] AndroidManifest.xml:43:83-106
	android:name
		ADDED from [com.google.firebase:firebase-iid:11.0.1] AndroidManifest.xml:43:18-82
intent-filter#com.google.firebase.INSTANCE_ID_EVENT
ADDED from [com.google.firebase:firebase-iid:11.0.1] AndroidManifest.xml:44:13-46:29
	android:priority
		ADDED from [com.google.firebase:firebase-iid:11.0.1] AndroidManifest.xml:44:28-51
action#com.google.firebase.INSTANCE_ID_EVENT
ADDED from [com.google.firebase:firebase-iid:11.0.1] AndroidManifest.xml:45:17-79
	android:name
		ADDED from [com.google.firebase:firebase-iid:11.0.1] AndroidManifest.xml:45:25-77
provider#com.google.firebase.provider.FirebaseInitProvider
ADDED from [com.google.firebase:firebase-common:11.0.1] AndroidManifest.xml:6:9-194
	android:authorities
		ADDED from [com.google.firebase:firebase-common:11.0.1] AndroidManifest.xml:6:19-78
	android:exported
		ADDED from [com.google.firebase:firebase-common:11.0.1] AndroidManifest.xml:6:144-168
	android:initOrder
		ADDED from [com.google.firebase:firebase-common:11.0.1] AndroidManifest.xml:6:169-192
	android:name
		ADDED from [com.google.firebase:firebase-common:11.0.1] AndroidManifest.xml:6:79-143